<?xml version="1.0" encoding="UTF-8"?>
<testsuite xmlns:xsi="http://www.w3.org/2001/XMLSchema-instance" xsi:noNamespaceSchemaLocation="https://maven.apache.org/surefire/maven-surefire-plugin/xsd/surefire-test-report-3.0.xsd" version="3.0" name="TestSuite" time="19.99" tests="3" errors="0" skipped="0" failures="3">
  <properties>
[...]
</properties>
  <testcase name="titleCheck" classname="GJW.TestDemo" time="12.155">
    <failure message="expected [true] but found [false]" type="java.lang.AssertionError"><![CDATA[java.lang.AssertionError: expected [true] but found [false]
	at GJW.TestDemo.titleCheck(TestDemo.java:23)
]]></failure>
    <system-err><![CDATA[Sep 24, 2023 3:55:44 PM org.openqa.selenium.remote.tracing.opentelemetry.OpenTelemetryTracer createTracer
INFO: Using OpenTelemetry for tracing
]]></system-err>
  </testcase>
  <testcase name="titleCheck" classname="GJW.TestDemo" time="14.012">
    <failure message="expected [true] but found [false]" type="java.lang.AssertionError"><![CDATA[java.lang.AssertionError: expected [true] but found [false]
	at GJW.TestDemo.titleCheck(TestDemo.java:23)
]]></failure>
  </testcase>
  <testcase name="titleCheck" classname="GJW.TestDemo" time="17.01">
    <failure message="expected [true] but found [false]" type="java.lang.AssertionError"><![CDATA[java.lang.AssertionError: expected [true] but found [false]
	at GJW.TestDemo.titleCheck(TestDemo.java:23)
]]></failure>
  </testcase>
</testsuite>