<?xml version="1.0" encoding="UTF-8"?>
<!-- Generated by org.testng.reporters.JUnitXMLReporter -->
<testsuite ignored="1" hostname="ducpdb" failures="0" tests="4" name="Home loan" time="0.156" errors="0" timestamp="2023-08-31T15:32:25 ICT">
  <testcase classname="test.day3" name="MobileloginCarloan" time="0.019"/>
  <testcase classname="test.day3" name="WebloginCarloan" time="0.003"/>
  <testcase classname="test.day4" name="MobileloginHomeloan" time="0.003"/>
  <testcase classname="test.day4" name="WebloginHomeloan" time="0.017"/>
  <testcase classname="test.day3" name="APIloginCarloan" time="0.0">
    <ignored/>
  </testcase> <!-- APIloginCarloan -->
</testsuite> <!-- Home loan -->
