<?xml version="1.0" encoding="UTF-8"?>
<!-- Generated by org.testng.reporters.JUnitXMLReporter -->
<testsuite ignored="1" hostname="ducpdb" failures="0" tests="5" name="Test" time="0.228" errors="0" timestamp="2023-08-31T15:32:25 ICT">
  <testcase classname="test.day1" name="Day11" time="0.009"/>
  <testcase classname="test.day1" name="Day11" time="0.004"/>
  <testcase classname="test.day1" name="Day11" time="0.003"/>
  <testcase classname="test.day2" name="Demo2" time="0.003"/>
  <testcase classname="test.day2" name="Demo3" time="0.002"/>
  <testcase classname="test.day1" name="Demo1" time="0.0">
    <ignored/>
  </testcase> <!-- Demo1 -->
</testsuite> <!-- Test -->
